[0.012s] Invoking command in '/home/canozkan/thesis_ws/build/aws_robomaker_small_warehouse_world': DEBUGINFOD_URLS=https://debuginfod.ubuntu.com /usr/bin/cmake /home/canozkan/thesis_ws/src/aws-robomaker-small-warehouse-world -DCATKIN_INSTALL_INTO_PREFIX_ROOT=0 -DCATKIN_SYMLINK_INSTALL=ON -DCMAKE_INSTALL_PREFIX=/home/canozkan/thesis_ws/install/aws_robomaker_small_warehouse_world
[0.070s] CMake Deprecation Warning at CMakeLists.txt:1 (cmake_minimum_required):
[0.071s]   Compatibility with CMake < 3.5 will be removed from a future version of
[0.071s]   CMake.
[0.071s] 
[0.071s]   Update the VERSION argument <min> value or use a ...<max> suffix to tell
[0.071s]   CMake that the project does not need compatibility with older versions.
[0.071s] 
[0.071s] 
[0.370s] -- The C compiler identification is GNU 13.3.0
[0.964s] -- The CXX compiler identification is GNU 13.3.0
[1.441s] -- Detecting C compiler ABI info
[1.680s] -- Detecting C compiler ABI info - done
[1.686s] -- Check for working C compiler: /usr/bin/cc - skipped
[1.687s] -- Detecting C compile features
[1.688s] -- Detecting C compile features - done
[1.765s] -- Detecting CXX compiler ABI info
[1.982s] -- Detecting CXX compiler ABI info - done
[1.988s] -- Check for working CXX compiler: /usr/bin/c++ - skipped
[1.988s] -- Detecting CXX compile features
[1.988s] -- Detecting CXX compile features - done
[2.913s] CMake Error at CMakeLists.txt:4 (find_package):
[2.913s]   By not providing "Findcatkin.cmake" in CMAKE_MODULE_PATH this project has
[2.913s]   asked CMake to find a package configuration file provided by "catkin", but
[2.913s]   CMake did not find one.
[2.913s] 
[2.913s]   Could not find a package configuration file provided by "catkin" with any
[2.913s]   of the following names:
[2.913s] 
[2.913s]     catkinConfig.cmake
[2.913s]     catkin-config.cmake
[2.913s] 
[2.913s]   Add the installation prefix of "catkin" to CMAKE_PREFIX_PATH or set
[2.913s]   "catkin_DIR" to a directory containing one of the above files.  If "catkin"
[2.913s]   provides a separate development package or SDK, be sure it has been
[2.913s]   installed.
[2.913s] 
[2.913s] 
[2.913s] -- Configuring incomplete, errors occurred!
[2.918s] Invoked command in '/home/canozkan/thesis_ws/build/aws_robomaker_small_warehouse_world' returned '1': DEBUGINFOD_URLS=https://debuginfod.ubuntu.com /usr/bin/cmake /home/canozkan/thesis_ws/src/aws-robomaker-small-warehouse-world -DCATKIN_INSTALL_INTO_PREFIX_ROOT=0 -DCATKIN_SYMLINK_INSTALL=ON -DCMAKE_INSTALL_PREFIX=/home/canozkan/thesis_ws/install/aws_robomaker_small_warehouse_world
