[0.227s] colcon DEBUG Command line arguments: ['/usr/bin/colcon', 'build', '--symlink-install']
[0.228s] colcon DEBUG Parsed command line arguments: Namespace(log_base=None, log_level=None, verb_name='build', build_base='build', install_base='install', merge_install=False, symlink_install=True, test_result_base=None, continue_on_error=False, executor='parallel', parallel_workers=16, event_handlers=None, ignore_user_meta=False, metas=['./colcon.meta'], base_paths=['.'], packages_ignore=None, packages_ignore_regex=None, paths=None, packages_up_to=None, packages_up_to_regex=None, packages_above=None, packages_above_and_dependencies=None, packages_above_depth=None, packages_select_by_dep=None, packages_skip_by_dep=None, packages_skip_up_to=None, packages_select_build_failed=False, packages_skip_build_finished=False, packages_select_test_failures=False, packages_skip_test_passed=False, packages_select=None, packages_skip=None, packages_select_regex=None, packages_skip_regex=None, packages_start=None, packages_end=None, allow_overriding=[], cmake_args=None, cmake_target=None, cmake_target_skip_unavailable=False, cmake_clean_cache=False, cmake_clean_first=False, cmake_force_configure=False, ament_cmake_args=None, catkin_cmake_args=None, catkin_skip_building_tests=False, mixin_files=None, mixin=None, verb_parser=<colcon_mixin.mixin.mixin_argument.MixinArgumentDecorator object at 0x71ee2778f470>, verb_extension=<colcon_core.verb.build.BuildVerb object at 0x71ee2778ef00>, main=<bound method BuildVerb.main of <colcon_core.verb.build.BuildVerb object at 0x71ee2778ef00>>, mixin_verb=('build',))
[0.295s] colcon.colcon_core.package_discovery Level 1 discover_packages(colcon_meta) check parameters
[0.295s] colcon.colcon_core.package_discovery Level 1 discover_packages(recursive) check parameters
[0.295s] colcon.colcon_core.package_discovery Level 1 discover_packages(ignore) check parameters
[0.295s] colcon.colcon_core.package_discovery Level 1 discover_packages(path) check parameters
[0.296s] colcon.colcon_core.package_discovery Level 1 discover_packages(colcon_meta) discover
[0.296s] colcon.colcon_core.package_discovery Level 1 discover_packages(recursive) discover
[0.296s] colcon.colcon_core.package_discovery INFO Crawling recursively for packages in '/home/canozkan/thesis_ws'
[0.296s] colcon.colcon_core.package_identification Level 1 _identify(.) by extensions ['ignore', 'ignore_ament_install']
[0.296s] colcon.colcon_core.package_identification Level 1 _identify(.) by extension 'ignore'
[0.296s] colcon.colcon_core.package_identification Level 1 _identify(.) by extension 'ignore_ament_install'
[0.296s] colcon.colcon_core.package_identification Level 1 _identify(.) by extensions ['colcon_pkg']
[0.296s] colcon.colcon_core.package_identification Level 1 _identify(.) by extension 'colcon_pkg'
[0.296s] colcon.colcon_core.package_identification Level 1 _identify(.) by extensions ['colcon_meta']
[0.296s] colcon.colcon_core.package_identification Level 1 _identify(.) by extension 'colcon_meta'
[0.296s] colcon.colcon_core.package_identification Level 1 _identify(.) by extensions ['ros']
[0.296s] colcon.colcon_core.package_identification Level 1 _identify(.) by extension 'ros'
[0.342s] colcon.colcon_core.package_identification Level 1 _identify(.) by extensions ['cmake', 'python']
[0.342s] colcon.colcon_core.package_identification Level 1 _identify(.) by extension 'cmake'
[0.342s] colcon.colcon_core.package_identification Level 1 _identify(.) by extension 'python'
[0.342s] colcon.colcon_core.package_identification Level 1 _identify(.) by extensions ['python_setup_py']
[0.342s] colcon.colcon_core.package_identification Level 1 _identify(.) by extension 'python_setup_py'
[0.343s] colcon.colcon_core.package_identification Level 1 _identify(build) by extensions ['ignore', 'ignore_ament_install']
[0.343s] colcon.colcon_core.package_identification Level 1 _identify(build) by extension 'ignore'
[0.343s] colcon.colcon_core.package_identification Level 1 _identify(build) ignored
[0.343s] colcon.colcon_core.package_identification Level 1 _identify(install) by extensions ['ignore', 'ignore_ament_install']
[0.343s] colcon.colcon_core.package_identification Level 1 _identify(install) by extension 'ignore'
[0.343s] colcon.colcon_core.package_identification Level 1 _identify(install) ignored
[0.343s] colcon.colcon_core.package_identification Level 1 _identify(log) by extensions ['ignore', 'ignore_ament_install']
[0.344s] colcon.colcon_core.package_identification Level 1 _identify(log) by extension 'ignore'
[0.344s] colcon.colcon_core.package_identification Level 1 _identify(log) ignored
[0.344s] colcon.colcon_core.package_identification Level 1 _identify(src) by extensions ['ignore', 'ignore_ament_install']
[0.344s] colcon.colcon_core.package_identification Level 1 _identify(src) by extension 'ignore'
[0.344s] colcon.colcon_core.package_identification Level 1 _identify(src) by extension 'ignore_ament_install'
[0.344s] colcon.colcon_core.package_identification Level 1 _identify(src) by extensions ['colcon_pkg']
[0.344s] colcon.colcon_core.package_identification Level 1 _identify(src) by extension 'colcon_pkg'
[0.344s] colcon.colcon_core.package_identification Level 1 _identify(src) by extensions ['colcon_meta']
[0.344s] colcon.colcon_core.package_identification Level 1 _identify(src) by extension 'colcon_meta'
[0.344s] colcon.colcon_core.package_identification Level 1 _identify(src) by extensions ['ros']
[0.344s] colcon.colcon_core.package_identification Level 1 _identify(src) by extension 'ros'
[0.344s] colcon.colcon_core.package_identification Level 1 _identify(src) by extensions ['cmake', 'python']
[0.344s] colcon.colcon_core.package_identification Level 1 _identify(src) by extension 'cmake'
[0.344s] colcon.colcon_core.package_identification Level 1 _identify(src) by extension 'python'
[0.344s] colcon.colcon_core.package_identification Level 1 _identify(src) by extensions ['python_setup_py']
[0.344s] colcon.colcon_core.package_identification Level 1 _identify(src) by extension 'python_setup_py'
[0.345s] colcon.colcon_core.package_identification Level 1 _identify(src/cardbox_dataset) by extensions ['ignore', 'ignore_ament_install']
[0.345s] colcon.colcon_core.package_identification Level 1 _identify(src/cardbox_dataset) by extension 'ignore'
[0.345s] colcon.colcon_core.package_identification Level 1 _identify(src/cardbox_dataset) by extension 'ignore_ament_install'
[0.345s] colcon.colcon_core.package_identification Level 1 _identify(src/cardbox_dataset) by extensions ['colcon_pkg']
[0.345s] colcon.colcon_core.package_identification Level 1 _identify(src/cardbox_dataset) by extension 'colcon_pkg'
[0.345s] colcon.colcon_core.package_identification Level 1 _identify(src/cardbox_dataset) by extensions ['colcon_meta']
[0.345s] colcon.colcon_core.package_identification Level 1 _identify(src/cardbox_dataset) by extension 'colcon_meta'
[0.345s] colcon.colcon_core.package_identification Level 1 _identify(src/cardbox_dataset) by extensions ['ros']
[0.345s] colcon.colcon_core.package_identification Level 1 _identify(src/cardbox_dataset) by extension 'ros'
[0.345s] colcon.colcon_core.package_identification Level 1 _identify(src/cardbox_dataset) by extensions ['cmake', 'python']
[0.345s] colcon.colcon_core.package_identification Level 1 _identify(src/cardbox_dataset) by extension 'cmake'
[0.345s] colcon.colcon_core.package_identification Level 1 _identify(src/cardbox_dataset) by extension 'python'
[0.345s] colcon.colcon_core.package_identification Level 1 _identify(src/cardbox_dataset) by extensions ['python_setup_py']
[0.345s] colcon.colcon_core.package_identification Level 1 _identify(src/cardbox_dataset) by extension 'python_setup_py'
[0.345s] colcon.colcon_core.package_identification Level 1 _identify(src/cardbox_dataset/test) by extensions ['ignore', 'ignore_ament_install']
[0.345s] colcon.colcon_core.package_identification Level 1 _identify(src/cardbox_dataset/test) by extension 'ignore'
[0.345s] colcon.colcon_core.package_identification Level 1 _identify(src/cardbox_dataset/test) by extension 'ignore_ament_install'
[0.345s] colcon.colcon_core.package_identification Level 1 _identify(src/cardbox_dataset/test) by extensions ['colcon_pkg']
[0.345s] colcon.colcon_core.package_identification Level 1 _identify(src/cardbox_dataset/test) by extension 'colcon_pkg'
[0.345s] colcon.colcon_core.package_identification Level 1 _identify(src/cardbox_dataset/test) by extensions ['colcon_meta']
[0.345s] colcon.colcon_core.package_identification Level 1 _identify(src/cardbox_dataset/test) by extension 'colcon_meta'
[0.346s] colcon.colcon_core.package_identification Level 1 _identify(src/cardbox_dataset/test) by extensions ['ros']
[0.346s] colcon.colcon_core.package_identification Level 1 _identify(src/cardbox_dataset/test) by extension 'ros'
[0.346s] colcon.colcon_core.package_identification Level 1 _identify(src/cardbox_dataset/test) by extensions ['cmake', 'python']
[0.346s] colcon.colcon_core.package_identification Level 1 _identify(src/cardbox_dataset/test) by extension 'cmake'
[0.346s] colcon.colcon_core.package_identification Level 1 _identify(src/cardbox_dataset/test) by extension 'python'
[0.346s] colcon.colcon_core.package_identification Level 1 _identify(src/cardbox_dataset/test) by extensions ['python_setup_py']
[0.346s] colcon.colcon_core.package_identification Level 1 _identify(src/cardbox_dataset/test) by extension 'python_setup_py'
[0.346s] colcon.colcon_core.package_identification Level 1 _identify(src/cardbox_dataset/test/images) by extensions ['ignore', 'ignore_ament_install']
[0.346s] colcon.colcon_core.package_identification Level 1 _identify(src/cardbox_dataset/test/images) by extension 'ignore'
[0.346s] colcon.colcon_core.package_identification Level 1 _identify(src/cardbox_dataset/test/images) by extension 'ignore_ament_install'
[0.346s] colcon.colcon_core.package_identification Level 1 _identify(src/cardbox_dataset/test/images) by extensions ['colcon_pkg']
[0.346s] colcon.colcon_core.package_identification Level 1 _identify(src/cardbox_dataset/test/images) by extension 'colcon_pkg'
[0.346s] colcon.colcon_core.package_identification Level 1 _identify(src/cardbox_dataset/test/images) by extensions ['colcon_meta']
[0.346s] colcon.colcon_core.package_identification Level 1 _identify(src/cardbox_dataset/test/images) by extension 'colcon_meta'
[0.346s] colcon.colcon_core.package_identification Level 1 _identify(src/cardbox_dataset/test/images) by extensions ['ros']
[0.346s] colcon.colcon_core.package_identification Level 1 _identify(src/cardbox_dataset/test/images) by extension 'ros'
[0.346s] colcon.colcon_core.package_identification Level 1 _identify(src/cardbox_dataset/test/images) by extensions ['cmake', 'python']
[0.346s] colcon.colcon_core.package_identification Level 1 _identify(src/cardbox_dataset/test/images) by extension 'cmake'
[0.346s] colcon.colcon_core.package_identification Level 1 _identify(src/cardbox_dataset/test/images) by extension 'python'
[0.346s] colcon.colcon_core.package_identification Level 1 _identify(src/cardbox_dataset/test/images) by extensions ['python_setup_py']
[0.346s] colcon.colcon_core.package_identification Level 1 _identify(src/cardbox_dataset/test/images) by extension 'python_setup_py'
[0.347s] colcon.colcon_core.package_identification Level 1 _identify(src/cardbox_dataset/test/labels) by extensions ['ignore', 'ignore_ament_install']
[0.347s] colcon.colcon_core.package_identification Level 1 _identify(src/cardbox_dataset/test/labels) by extension 'ignore'
[0.347s] colcon.colcon_core.package_identification Level 1 _identify(src/cardbox_dataset/test/labels) by extension 'ignore_ament_install'
[0.347s] colcon.colcon_core.package_identification Level 1 _identify(src/cardbox_dataset/test/labels) by extensions ['colcon_pkg']
[0.347s] colcon.colcon_core.package_identification Level 1 _identify(src/cardbox_dataset/test/labels) by extension 'colcon_pkg'
[0.347s] colcon.colcon_core.package_identification Level 1 _identify(src/cardbox_dataset/test/labels) by extensions ['colcon_meta']
[0.347s] colcon.colcon_core.package_identification Level 1 _identify(src/cardbox_dataset/test/labels) by extension 'colcon_meta'
[0.347s] colcon.colcon_core.package_identification Level 1 _identify(src/cardbox_dataset/test/labels) by extensions ['ros']
[0.347s] colcon.colcon_core.package_identification Level 1 _identify(src/cardbox_dataset/test/labels) by extension 'ros'
[0.347s] colcon.colcon_core.package_identification Level 1 _identify(src/cardbox_dataset/test/labels) by extensions ['cmake', 'python']
[0.347s] colcon.colcon_core.package_identification Level 1 _identify(src/cardbox_dataset/test/labels) by extension 'cmake'
[0.347s] colcon.colcon_core.package_identification Level 1 _identify(src/cardbox_dataset/test/labels) by extension 'python'
[0.347s] colcon.colcon_core.package_identification Level 1 _identify(src/cardbox_dataset/test/labels) by extensions ['python_setup_py']
[0.347s] colcon.colcon_core.package_identification Level 1 _identify(src/cardbox_dataset/test/labels) by extension 'python_setup_py'
[0.347s] colcon.colcon_core.package_identification Level 1 _identify(src/cardbox_dataset/train) by extensions ['ignore', 'ignore_ament_install']
[0.347s] colcon.colcon_core.package_identification Level 1 _identify(src/cardbox_dataset/train) by extension 'ignore'
[0.347s] colcon.colcon_core.package_identification Level 1 _identify(src/cardbox_dataset/train) by extension 'ignore_ament_install'
[0.347s] colcon.colcon_core.package_identification Level 1 _identify(src/cardbox_dataset/train) by extensions ['colcon_pkg']
[0.347s] colcon.colcon_core.package_identification Level 1 _identify(src/cardbox_dataset/train) by extension 'colcon_pkg'
[0.347s] colcon.colcon_core.package_identification Level 1 _identify(src/cardbox_dataset/train) by extensions ['colcon_meta']
[0.347s] colcon.colcon_core.package_identification Level 1 _identify(src/cardbox_dataset/train) by extension 'colcon_meta'
[0.347s] colcon.colcon_core.package_identification Level 1 _identify(src/cardbox_dataset/train) by extensions ['ros']
[0.347s] colcon.colcon_core.package_identification Level 1 _identify(src/cardbox_dataset/train) by extension 'ros'
[0.347s] colcon.colcon_core.package_identification Level 1 _identify(src/cardbox_dataset/train) by extensions ['cmake', 'python']
[0.347s] colcon.colcon_core.package_identification Level 1 _identify(src/cardbox_dataset/train) by extension 'cmake'
[0.347s] colcon.colcon_core.package_identification Level 1 _identify(src/cardbox_dataset/train) by extension 'python'
[0.348s] colcon.colcon_core.package_identification Level 1 _identify(src/cardbox_dataset/train) by extensions ['python_setup_py']
[0.348s] colcon.colcon_core.package_identification Level 1 _identify(src/cardbox_dataset/train) by extension 'python_setup_py'
[0.350s] colcon.colcon_core.package_identification Level 1 _identify(src/cardbox_dataset/train/images) by extensions ['ignore', 'ignore_ament_install']
[0.350s] colcon.colcon_core.package_identification Level 1 _identify(src/cardbox_dataset/train/images) by extension 'ignore'
[0.350s] colcon.colcon_core.package_identification Level 1 _identify(src/cardbox_dataset/train/images) by extension 'ignore_ament_install'
[0.350s] colcon.colcon_core.package_identification Level 1 _identify(src/cardbox_dataset/train/images) by extensions ['colcon_pkg']
[0.350s] colcon.colcon_core.package_identification Level 1 _identify(src/cardbox_dataset/train/images) by extension 'colcon_pkg'
[0.350s] colcon.colcon_core.package_identification Level 1 _identify(src/cardbox_dataset/train/images) by extensions ['colcon_meta']
[0.350s] colcon.colcon_core.package_identification Level 1 _identify(src/cardbox_dataset/train/images) by extension 'colcon_meta'
[0.351s] colcon.colcon_core.package_identification Level 1 _identify(src/cardbox_dataset/train/images) by extensions ['ros']
[0.351s] colcon.colcon_core.package_identification Level 1 _identify(src/cardbox_dataset/train/images) by extension 'ros'
[0.351s] colcon.colcon_core.package_identification Level 1 _identify(src/cardbox_dataset/train/images) by extensions ['cmake', 'python']
[0.351s] colcon.colcon_core.package_identification Level 1 _identify(src/cardbox_dataset/train/images) by extension 'cmake'
[0.351s] colcon.colcon_core.package_identification Level 1 _identify(src/cardbox_dataset/train/images) by extension 'python'
[0.351s] colcon.colcon_core.package_identification Level 1 _identify(src/cardbox_dataset/train/images) by extensions ['python_setup_py']
[0.351s] colcon.colcon_core.package_identification Level 1 _identify(src/cardbox_dataset/train/images) by extension 'python_setup_py'
[0.354s] colcon.colcon_core.package_identification Level 1 _identify(src/cardbox_dataset/train/labels) by extensions ['ignore', 'ignore_ament_install']
[0.354s] colcon.colcon_core.package_identification Level 1 _identify(src/cardbox_dataset/train/labels) by extension 'ignore'
[0.354s] colcon.colcon_core.package_identification Level 1 _identify(src/cardbox_dataset/train/labels) by extension 'ignore_ament_install'
[0.355s] colcon.colcon_core.package_identification Level 1 _identify(src/cardbox_dataset/train/labels) by extensions ['colcon_pkg']
[0.355s] colcon.colcon_core.package_identification Level 1 _identify(src/cardbox_dataset/train/labels) by extension 'colcon_pkg'
[0.355s] colcon.colcon_core.package_identification Level 1 _identify(src/cardbox_dataset/train/labels) by extensions ['colcon_meta']
[0.355s] colcon.colcon_core.package_identification Level 1 _identify(src/cardbox_dataset/train/labels) by extension 'colcon_meta'
[0.355s] colcon.colcon_core.package_identification Level 1 _identify(src/cardbox_dataset/train/labels) by extensions ['ros']
[0.355s] colcon.colcon_core.package_identification Level 1 _identify(src/cardbox_dataset/train/labels) by extension 'ros'
[0.355s] colcon.colcon_core.package_identification Level 1 _identify(src/cardbox_dataset/train/labels) by extensions ['cmake', 'python']
[0.355s] colcon.colcon_core.package_identification Level 1 _identify(src/cardbox_dataset/train/labels) by extension 'cmake'
[0.355s] colcon.colcon_core.package_identification Level 1 _identify(src/cardbox_dataset/train/labels) by extension 'python'
[0.355s] colcon.colcon_core.package_identification Level 1 _identify(src/cardbox_dataset/train/labels) by extensions ['python_setup_py']
[0.355s] colcon.colcon_core.package_identification Level 1 _identify(src/cardbox_dataset/train/labels) by extension 'python_setup_py'
[0.355s] colcon.colcon_core.package_identification Level 1 _identify(src/cardbox_dataset/valid) by extensions ['ignore', 'ignore_ament_install']
[0.355s] colcon.colcon_core.package_identification Level 1 _identify(src/cardbox_dataset/valid) by extension 'ignore'
[0.355s] colcon.colcon_core.package_identification Level 1 _identify(src/cardbox_dataset/valid) by extension 'ignore_ament_install'
[0.355s] colcon.colcon_core.package_identification Level 1 _identify(src/cardbox_dataset/valid) by extensions ['colcon_pkg']
[0.355s] colcon.colcon_core.package_identification Level 1 _identify(src/cardbox_dataset/valid) by extension 'colcon_pkg'
[0.355s] colcon.colcon_core.package_identification Level 1 _identify(src/cardbox_dataset/valid) by extensions ['colcon_meta']
[0.355s] colcon.colcon_core.package_identification Level 1 _identify(src/cardbox_dataset/valid) by extension 'colcon_meta'
[0.355s] colcon.colcon_core.package_identification Level 1 _identify(src/cardbox_dataset/valid) by extensions ['ros']
[0.355s] colcon.colcon_core.package_identification Level 1 _identify(src/cardbox_dataset/valid) by extension 'ros'
[0.355s] colcon.colcon_core.package_identification Level 1 _identify(src/cardbox_dataset/valid) by extensions ['cmake', 'python']
[0.355s] colcon.colcon_core.package_identification Level 1 _identify(src/cardbox_dataset/valid) by extension 'cmake'
[0.355s] colcon.colcon_core.package_identification Level 1 _identify(src/cardbox_dataset/valid) by extension 'python'
[0.355s] colcon.colcon_core.package_identification Level 1 _identify(src/cardbox_dataset/valid) by extensions ['python_setup_py']
[0.355s] colcon.colcon_core.package_identification Level 1 _identify(src/cardbox_dataset/valid) by extension 'python_setup_py'
[0.356s] colcon.colcon_core.package_identification Level 1 _identify(src/cardbox_dataset/valid/images) by extensions ['ignore', 'ignore_ament_install']
[0.356s] colcon.colcon_core.package_identification Level 1 _identify(src/cardbox_dataset/valid/images) by extension 'ignore'
[0.356s] colcon.colcon_core.package_identification Level 1 _identify(src/cardbox_dataset/valid/images) by extension 'ignore_ament_install'
[0.356s] colcon.colcon_core.package_identification Level 1 _identify(src/cardbox_dataset/valid/images) by extensions ['colcon_pkg']
[0.356s] colcon.colcon_core.package_identification Level 1 _identify(src/cardbox_dataset/valid/images) by extension 'colcon_pkg'
[0.356s] colcon.colcon_core.package_identification Level 1 _identify(src/cardbox_dataset/valid/images) by extensions ['colcon_meta']
[0.356s] colcon.colcon_core.package_identification Level 1 _identify(src/cardbox_dataset/valid/images) by extension 'colcon_meta'
[0.356s] colcon.colcon_core.package_identification Level 1 _identify(src/cardbox_dataset/valid/images) by extensions ['ros']
[0.356s] colcon.colcon_core.package_identification Level 1 _identify(src/cardbox_dataset/valid/images) by extension 'ros'
[0.356s] colcon.colcon_core.package_identification Level 1 _identify(src/cardbox_dataset/valid/images) by extensions ['cmake', 'python']
[0.356s] colcon.colcon_core.package_identification Level 1 _identify(src/cardbox_dataset/valid/images) by extension 'cmake'
[0.356s] colcon.colcon_core.package_identification Level 1 _identify(src/cardbox_dataset/valid/images) by extension 'python'
[0.356s] colcon.colcon_core.package_identification Level 1 _identify(src/cardbox_dataset/valid/images) by extensions ['python_setup_py']
[0.356s] colcon.colcon_core.package_identification Level 1 _identify(src/cardbox_dataset/valid/images) by extension 'python_setup_py'
[0.356s] colcon.colcon_core.package_identification Level 1 _identify(src/cardbox_dataset/valid/labels) by extensions ['ignore', 'ignore_ament_install']
[0.356s] colcon.colcon_core.package_identification Level 1 _identify(src/cardbox_dataset/valid/labels) by extension 'ignore'
[0.356s] colcon.colcon_core.package_identification Level 1 _identify(src/cardbox_dataset/valid/labels) by extension 'ignore_ament_install'
[0.356s] colcon.colcon_core.package_identification Level 1 _identify(src/cardbox_dataset/valid/labels) by extensions ['colcon_pkg']
[0.356s] colcon.colcon_core.package_identification Level 1 _identify(src/cardbox_dataset/valid/labels) by extension 'colcon_pkg'
[0.356s] colcon.colcon_core.package_identification Level 1 _identify(src/cardbox_dataset/valid/labels) by extensions ['colcon_meta']
[0.356s] colcon.colcon_core.package_identification Level 1 _identify(src/cardbox_dataset/valid/labels) by extension 'colcon_meta'
[0.356s] colcon.colcon_core.package_identification Level 1 _identify(src/cardbox_dataset/valid/labels) by extensions ['ros']
[0.356s] colcon.colcon_core.package_identification Level 1 _identify(src/cardbox_dataset/valid/labels) by extension 'ros'
[0.356s] colcon.colcon_core.package_identification Level 1 _identify(src/cardbox_dataset/valid/labels) by extensions ['cmake', 'python']
[0.356s] colcon.colcon_core.package_identification Level 1 _identify(src/cardbox_dataset/valid/labels) by extension 'cmake'
[0.356s] colcon.colcon_core.package_identification Level 1 _identify(src/cardbox_dataset/valid/labels) by extension 'python'
[0.356s] colcon.colcon_core.package_identification Level 1 _identify(src/cardbox_dataset/valid/labels) by extensions ['python_setup_py']
[0.356s] colcon.colcon_core.package_identification Level 1 _identify(src/cardbox_dataset/valid/labels) by extension 'python_setup_py'
[0.357s] colcon.colcon_core.package_identification Level 1 _identify(src/warehouse_multi_robot) by extensions ['ignore', 'ignore_ament_install']
[0.357s] colcon.colcon_core.package_identification Level 1 _identify(src/warehouse_multi_robot) by extension 'ignore'
[0.357s] colcon.colcon_core.package_identification Level 1 _identify(src/warehouse_multi_robot) by extension 'ignore_ament_install'
[0.357s] colcon.colcon_core.package_identification Level 1 _identify(src/warehouse_multi_robot) by extensions ['colcon_pkg']
[0.357s] colcon.colcon_core.package_identification Level 1 _identify(src/warehouse_multi_robot) by extension 'colcon_pkg'
[0.357s] colcon.colcon_core.package_identification Level 1 _identify(src/warehouse_multi_robot) by extensions ['colcon_meta']
[0.357s] colcon.colcon_core.package_identification Level 1 _identify(src/warehouse_multi_robot) by extension 'colcon_meta'
[0.357s] colcon.colcon_core.package_identification Level 1 _identify(src/warehouse_multi_robot) by extensions ['ros']
[0.357s] colcon.colcon_core.package_identification Level 1 _identify(src/warehouse_multi_robot) by extension 'ros'
[0.360s] colcon.colcon_core.package_identification DEBUG Package 'src/warehouse_multi_robot' with type 'ros.ament_python' and name 'warehouse_multi_robot'
[0.360s] colcon.colcon_core.package_discovery Level 1 discover_packages(recursive) using defaults
[0.360s] colcon.colcon_core.package_discovery Level 1 discover_packages(ignore) discover
[0.360s] colcon.colcon_core.package_discovery Level 1 discover_packages(ignore) using defaults
[0.360s] colcon.colcon_core.package_discovery Level 1 discover_packages(path) discover
[0.360s] colcon.colcon_core.package_discovery Level 1 discover_packages(path) using defaults
[0.383s] colcon.colcon_core.package_discovery Level 1 discover_packages(prefix_path) check parameters
[0.383s] colcon.colcon_core.package_discovery Level 1 discover_packages(prefix_path) discover
[0.388s] colcon.colcon_installed_package_information.package_discovery DEBUG Found 1 installed packages in /home/canozkan/Capstone_Project/install
[0.390s] colcon.colcon_installed_package_information.package_discovery DEBUG Found 397 installed packages in /opt/ros/jazzy
[0.390s] colcon.colcon_core.package_discovery Level 1 discover_packages(prefix_path) using defaults
[0.521s] colcon.colcon_core.verb Level 5 set package 'warehouse_multi_robot' build argument 'cmake_args' from command line to 'None'
[0.521s] colcon.colcon_core.verb Level 5 set package 'warehouse_multi_robot' build argument 'cmake_target' from command line to 'None'
[0.521s] colcon.colcon_core.verb Level 5 set package 'warehouse_multi_robot' build argument 'cmake_target_skip_unavailable' from command line to 'False'
[0.521s] colcon.colcon_core.verb Level 5 set package 'warehouse_multi_robot' build argument 'cmake_clean_cache' from command line to 'False'
[0.521s] colcon.colcon_core.verb Level 5 set package 'warehouse_multi_robot' build argument 'cmake_clean_first' from command line to 'False'
[0.521s] colcon.colcon_core.verb Level 5 set package 'warehouse_multi_robot' build argument 'cmake_force_configure' from command line to 'False'
[0.521s] colcon.colcon_core.verb Level 5 set package 'warehouse_multi_robot' build argument 'ament_cmake_args' from command line to 'None'
[0.521s] colcon.colcon_core.verb Level 5 set package 'warehouse_multi_robot' build argument 'catkin_cmake_args' from command line to 'None'
[0.521s] colcon.colcon_core.verb Level 5 set package 'warehouse_multi_robot' build argument 'catkin_skip_building_tests' from command line to 'False'
[0.521s] colcon.colcon_core.verb DEBUG Building package 'warehouse_multi_robot' with the following arguments: {'ament_cmake_args': None, 'build_base': '/home/canozkan/thesis_ws/build/warehouse_multi_robot', 'catkin_cmake_args': None, 'catkin_skip_building_tests': False, 'cmake_args': None, 'cmake_clean_cache': False, 'cmake_clean_first': False, 'cmake_force_configure': False, 'cmake_target': None, 'cmake_target_skip_unavailable': False, 'install_base': '/home/canozkan/thesis_ws/install/warehouse_multi_robot', 'merge_install': False, 'path': '/home/canozkan/thesis_ws/src/warehouse_multi_robot', 'symlink_install': True, 'test_result_base': None}
[0.521s] colcon.colcon_core.executor INFO Executing jobs using 'parallel' executor
[0.522s] colcon.colcon_parallel_executor.executor.parallel DEBUG run_until_complete
[0.523s] colcon.colcon_ros.task.ament_python.build INFO Building ROS package in '/home/canozkan/thesis_ws/src/warehouse_multi_robot' with build type 'ament_python'
[0.523s] colcon.colcon_core.shell Level 1 create_environment_hook('warehouse_multi_robot', 'ament_prefix_path')
[0.528s] colcon.colcon_core.plugin_system INFO Skipping extension 'colcon_core.shell.bat': Not used on non-Windows systems
[0.529s] colcon.colcon_core.shell INFO Creating environment hook '/home/canozkan/thesis_ws/install/warehouse_multi_robot/share/warehouse_multi_robot/hook/ament_prefix_path.ps1'
[0.530s] colcon.colcon_core.shell INFO Creating environment descriptor '/home/canozkan/thesis_ws/install/warehouse_multi_robot/share/warehouse_multi_robot/hook/ament_prefix_path.dsv'
[0.530s] colcon.colcon_core.shell INFO Creating environment hook '/home/canozkan/thesis_ws/install/warehouse_multi_robot/share/warehouse_multi_robot/hook/ament_prefix_path.sh'
[0.531s] colcon.colcon_core.shell INFO Skip shell extension 'powershell' for command environment: Not usable outside of PowerShell
[0.531s] colcon.colcon_core.shell DEBUG Skip shell extension 'dsv' for command environment
[0.701s] colcon.colcon_core.task.python.build INFO Building Python package in '/home/canozkan/thesis_ws/src/warehouse_multi_robot'
[0.702s] colcon.colcon_core.shell INFO Skip shell extension 'powershell' for command environment: Not usable outside of PowerShell
[0.702s] colcon.colcon_core.shell DEBUG Skip shell extension 'dsv' for command environment
[1.363s] colcon.colcon_core.event_handler.log_command DEBUG Invoking command in '/home/canozkan/thesis_ws/build/warehouse_multi_robot': DEBUGINFOD_URLS=https://debuginfod.ubuntu.com PYTHONPATH=/home/canozkan/thesis_ws/build/warehouse_multi_robot/prefix_override:/home/canozkan/Capstone_Project/venv/lib/python3.12/site-packages/colcon_core/task/python/colcon_distutils_commands:/home/canozkan/thesis_ws/install/warehouse_multi_robot/lib/python3.12/site-packages:${PYTHONPATH} /usr/bin/python3 -W ignore:setup.py install is deprecated -W ignore:easy_install command is deprecated setup.py develop --editable --build-directory /home/canozkan/thesis_ws/build/warehouse_multi_robot/build --no-deps symlink_data
[1.761s] colcon.colcon_core.shell Level 1 create_environment_hook('warehouse_multi_robot', 'pythonpath_develop')
[1.761s] colcon.colcon_core.event_handler.log_command DEBUG Invoked command in '/home/canozkan/thesis_ws/build/warehouse_multi_robot' returned '0': DEBUGINFOD_URLS=https://debuginfod.ubuntu.com PYTHONPATH=/home/canozkan/thesis_ws/build/warehouse_multi_robot/prefix_override:/home/canozkan/Capstone_Project/venv/lib/python3.12/site-packages/colcon_core/task/python/colcon_distutils_commands:/home/canozkan/thesis_ws/install/warehouse_multi_robot/lib/python3.12/site-packages:${PYTHONPATH} /usr/bin/python3 -W ignore:setup.py install is deprecated -W ignore:easy_install command is deprecated setup.py develop --editable --build-directory /home/canozkan/thesis_ws/build/warehouse_multi_robot/build --no-deps symlink_data
[1.762s] colcon.colcon_core.shell INFO Creating environment hook '/home/canozkan/thesis_ws/build/warehouse_multi_robot/share/warehouse_multi_robot/hook/pythonpath_develop.ps1'
[1.762s] colcon.colcon_core.shell INFO Creating environment descriptor '/home/canozkan/thesis_ws/build/warehouse_multi_robot/share/warehouse_multi_robot/hook/pythonpath_develop.dsv'
[1.762s] colcon.colcon_core.shell INFO Creating environment hook '/home/canozkan/thesis_ws/build/warehouse_multi_robot/share/warehouse_multi_robot/hook/pythonpath_develop.sh'
[1.768s] colcon.colcon_core.environment Level 1 checking '/home/canozkan/thesis_ws/install/warehouse_multi_robot' for CMake module files
[1.769s] colcon.colcon_core.environment Level 1 checking '/home/canozkan/thesis_ws/install/warehouse_multi_robot' for CMake config files
[1.773s] colcon.colcon_core.environment Level 1 checking '/home/canozkan/thesis_ws/install/warehouse_multi_robot/lib'
[1.773s] colcon.colcon_core.environment Level 1 checking '/home/canozkan/thesis_ws/install/warehouse_multi_robot/bin'
[1.773s] colcon.colcon_core.environment Level 1 checking '/home/canozkan/thesis_ws/install/warehouse_multi_robot/lib/pkgconfig/warehouse_multi_robot.pc'
[1.773s] colcon.colcon_core.environment Level 1 checking '/home/canozkan/thesis_ws/install/warehouse_multi_robot/lib/python3.12/site-packages'
[1.773s] colcon.colcon_core.shell Level 1 create_environment_hook('warehouse_multi_robot', 'pythonpath')
[1.773s] colcon.colcon_core.shell INFO Creating environment hook '/home/canozkan/thesis_ws/install/warehouse_multi_robot/share/warehouse_multi_robot/hook/pythonpath.ps1'
[1.774s] colcon.colcon_core.shell INFO Creating environment descriptor '/home/canozkan/thesis_ws/install/warehouse_multi_robot/share/warehouse_multi_robot/hook/pythonpath.dsv'
[1.774s] colcon.colcon_core.shell INFO Creating environment hook '/home/canozkan/thesis_ws/install/warehouse_multi_robot/share/warehouse_multi_robot/hook/pythonpath.sh'
[1.775s] colcon.colcon_core.environment Level 1 checking '/home/canozkan/thesis_ws/install/warehouse_multi_robot/bin'
[1.775s] colcon.colcon_core.environment Level 1 create_environment_scripts_only(warehouse_multi_robot)
[1.775s] colcon.colcon_core.shell INFO Creating package script '/home/canozkan/thesis_ws/install/warehouse_multi_robot/share/warehouse_multi_robot/package.ps1'
[1.776s] colcon.colcon_core.shell INFO Creating package descriptor '/home/canozkan/thesis_ws/install/warehouse_multi_robot/share/warehouse_multi_robot/package.dsv'
[1.777s] colcon.colcon_core.shell INFO Creating package script '/home/canozkan/thesis_ws/install/warehouse_multi_robot/share/warehouse_multi_robot/package.sh'
[1.778s] colcon.colcon_core.shell INFO Creating package script '/home/canozkan/thesis_ws/install/warehouse_multi_robot/share/warehouse_multi_robot/package.bash'
[1.778s] colcon.colcon_core.shell INFO Creating package script '/home/canozkan/thesis_ws/install/warehouse_multi_robot/share/warehouse_multi_robot/package.zsh'
[1.779s] colcon.colcon_core.environment Level 1 create_file_with_runtime_dependencies(/home/canozkan/thesis_ws/install/warehouse_multi_robot/share/colcon-core/packages/warehouse_multi_robot)
[1.780s] colcon.colcon_parallel_executor.executor.parallel DEBUG closing loop
[1.780s] colcon.colcon_parallel_executor.executor.parallel DEBUG loop closed
[1.780s] colcon.colcon_parallel_executor.executor.parallel DEBUG run_until_complete finished with '0'
[1.780s] colcon.colcon_core.event_reactor DEBUG joining thread
[1.790s] colcon.colcon_core.plugin_system INFO Skipping extension 'colcon_notification.desktop_notification.terminal_notifier': Not used on non-Darwin systems
[1.790s] colcon.colcon_core.plugin_system INFO Skipping extension 'colcon_notification.desktop_notification.win32': Not used on non-Windows systems
[1.790s] colcon.colcon_notification.desktop_notification INFO Sending desktop notification using 'notify2'
[1.793s] colcon.colcon_notification.desktop_notification.notify2 DEBUG Failed to initialize notify2: org.freedesktop.DBus.Error.ServiceUnknown: The name org.freedesktop.Notifications was not provided by any .service files
[1.793s] colcon.colcon_core.event_reactor DEBUG joined thread
[1.793s] colcon.colcon_core.shell INFO Creating prefix script '/home/canozkan/thesis_ws/install/local_setup.ps1'
[1.794s] colcon.colcon_core.shell INFO Creating prefix util module '/home/canozkan/thesis_ws/install/_local_setup_util_ps1.py'
[1.795s] colcon.colcon_core.shell INFO Creating prefix chain script '/home/canozkan/thesis_ws/install/setup.ps1'
[1.796s] colcon.colcon_core.shell INFO Creating prefix script '/home/canozkan/thesis_ws/install/local_setup.sh'
[1.797s] colcon.colcon_core.shell INFO Creating prefix util module '/home/canozkan/thesis_ws/install/_local_setup_util_sh.py'
[1.798s] colcon.colcon_core.shell INFO Creating prefix chain script '/home/canozkan/thesis_ws/install/setup.sh'
[1.799s] colcon.colcon_core.shell INFO Creating prefix script '/home/canozkan/thesis_ws/install/local_setup.bash'
[1.799s] colcon.colcon_core.shell INFO Creating prefix chain script '/home/canozkan/thesis_ws/install/setup.bash'
[1.800s] colcon.colcon_core.shell INFO Creating prefix script '/home/canozkan/thesis_ws/install/local_setup.zsh'
[1.801s] colcon.colcon_core.shell INFO Creating prefix chain script '/home/canozkan/thesis_ws/install/setup.zsh'
