[0.288s] colcon DEBUG Command line arguments: ['/usr/bin/colcon', 'build', '--symlink-install']
[0.288s] colcon DEBUG Parsed command line arguments: Namespace(log_base=None, log_level=None, verb_name='build', build_base='build', install_base='install', merge_install=False, symlink_install=True, test_result_base=None, continue_on_error=False, executor='parallel', parallel_workers=16, event_handlers=None, ignore_user_meta=False, metas=['./colcon.meta'], base_paths=['.'], packages_ignore=None, packages_ignore_regex=None, paths=None, packages_up_to=None, packages_up_to_regex=None, packages_above=None, packages_above_and_dependencies=None, packages_above_depth=None, packages_select_by_dep=None, packages_skip_by_dep=None, packages_skip_up_to=None, packages_select_build_failed=False, packages_skip_build_finished=False, packages_select_test_failures=False, packages_skip_test_passed=False, packages_select=None, packages_skip=None, packages_select_regex=None, packages_skip_regex=None, packages_start=None, packages_end=None, allow_overriding=[], cmake_args=None, cmake_target=None, cmake_target_skip_unavailable=False, cmake_clean_cache=False, cmake_clean_first=False, cmake_force_configure=False, ament_cmake_args=None, catkin_cmake_args=None, catkin_skip_building_tests=False, mixin_files=None, mixin=None, verb_parser=<colcon_mixin.mixin.mixin_argument.MixinArgumentDecorator object at 0x7d93b25475c0>, verb_extension=<colcon_core.verb.build.BuildVerb object at 0x7d93b2546f30>, main=<bound method BuildVerb.main of <colcon_core.verb.build.BuildVerb object at 0x7d93b2546f30>>, mixin_verb=('build',))
[0.375s] colcon.colcon_core.package_discovery Level 1 discover_packages(colcon_meta) check parameters
[0.375s] colcon.colcon_core.package_discovery Level 1 discover_packages(recursive) check parameters
[0.375s] colcon.colcon_core.package_discovery Level 1 discover_packages(ignore) check parameters
[0.375s] colcon.colcon_core.package_discovery Level 1 discover_packages(path) check parameters
[0.375s] colcon.colcon_core.package_discovery Level 1 discover_packages(colcon_meta) discover
[0.375s] colcon.colcon_core.package_discovery Level 1 discover_packages(recursive) discover
[0.375s] colcon.colcon_core.package_discovery INFO Crawling recursively for packages in '/home/canozkan/thesis_ws'
[0.375s] colcon.colcon_core.package_identification Level 1 _identify(.) by extensions ['ignore', 'ignore_ament_install']
[0.375s] colcon.colcon_core.package_identification Level 1 _identify(.) by extension 'ignore'
[0.375s] colcon.colcon_core.package_identification Level 1 _identify(.) by extension 'ignore_ament_install'
[0.375s] colcon.colcon_core.package_identification Level 1 _identify(.) by extensions ['colcon_pkg']
[0.375s] colcon.colcon_core.package_identification Level 1 _identify(.) by extension 'colcon_pkg'
[0.375s] colcon.colcon_core.package_identification Level 1 _identify(.) by extensions ['colcon_meta']
[0.375s] colcon.colcon_core.package_identification Level 1 _identify(.) by extension 'colcon_meta'
[0.375s] colcon.colcon_core.package_identification Level 1 _identify(.) by extensions ['ros']
[0.375s] colcon.colcon_core.package_identification Level 1 _identify(.) by extension 'ros'
[0.394s] colcon.colcon_core.package_identification Level 1 _identify(.) by extensions ['cmake', 'python']
[0.394s] colcon.colcon_core.package_identification Level 1 _identify(.) by extension 'cmake'
[0.394s] colcon.colcon_core.package_identification Level 1 _identify(.) by extension 'python'
[0.394s] colcon.colcon_core.package_identification Level 1 _identify(.) by extensions ['python_setup_py']
[0.394s] colcon.colcon_core.package_identification Level 1 _identify(.) by extension 'python_setup_py'
[0.394s] colcon.colcon_core.package_identification Level 1 _identify(build) by extensions ['ignore', 'ignore_ament_install']
[0.394s] colcon.colcon_core.package_identification Level 1 _identify(build) by extension 'ignore'
[0.394s] colcon.colcon_core.package_identification Level 1 _identify(build) ignored
[0.394s] colcon.colcon_core.package_identification Level 1 _identify(install) by extensions ['ignore', 'ignore_ament_install']
[0.395s] colcon.colcon_core.package_identification Level 1 _identify(install) by extension 'ignore'
[0.395s] colcon.colcon_core.package_identification Level 1 _identify(install) ignored
[0.395s] colcon.colcon_core.package_identification Level 1 _identify(log) by extensions ['ignore', 'ignore_ament_install']
[0.395s] colcon.colcon_core.package_identification Level 1 _identify(log) by extension 'ignore'
[0.395s] colcon.colcon_core.package_identification Level 1 _identify(log) ignored
[0.395s] colcon.colcon_core.package_identification Level 1 _identify(src) by extensions ['ignore', 'ignore_ament_install']
[0.395s] colcon.colcon_core.package_identification Level 1 _identify(src) by extension 'ignore'
[0.395s] colcon.colcon_core.package_identification Level 1 _identify(src) by extension 'ignore_ament_install'
[0.395s] colcon.colcon_core.package_identification Level 1 _identify(src) by extensions ['colcon_pkg']
[0.395s] colcon.colcon_core.package_identification Level 1 _identify(src) by extension 'colcon_pkg'
[0.395s] colcon.colcon_core.package_identification Level 1 _identify(src) by extensions ['colcon_meta']
[0.395s] colcon.colcon_core.package_identification Level 1 _identify(src) by extension 'colcon_meta'
[0.395s] colcon.colcon_core.package_identification Level 1 _identify(src) by extensions ['ros']
[0.395s] colcon.colcon_core.package_identification Level 1 _identify(src) by extension 'ros'
[0.395s] colcon.colcon_core.package_identification Level 1 _identify(src) by extensions ['cmake', 'python']
[0.395s] colcon.colcon_core.package_identification Level 1 _identify(src) by extension 'cmake'
[0.395s] colcon.colcon_core.package_identification Level 1 _identify(src) by extension 'python'
[0.395s] colcon.colcon_core.package_identification Level 1 _identify(src) by extensions ['python_setup_py']
[0.395s] colcon.colcon_core.package_identification Level 1 _identify(src) by extension 'python_setup_py'
[0.395s] colcon.colcon_core.package_identification Level 1 _identify(src/warehouse_multi_robot) by extensions ['ignore', 'ignore_ament_install']
[0.395s] colcon.colcon_core.package_identification Level 1 _identify(src/warehouse_multi_robot) by extension 'ignore'
[0.395s] colcon.colcon_core.package_identification Level 1 _identify(src/warehouse_multi_robot) by extension 'ignore_ament_install'
[0.395s] colcon.colcon_core.package_identification Level 1 _identify(src/warehouse_multi_robot) by extensions ['colcon_pkg']
[0.395s] colcon.colcon_core.package_identification Level 1 _identify(src/warehouse_multi_robot) by extension 'colcon_pkg'
[0.395s] colcon.colcon_core.package_identification Level 1 _identify(src/warehouse_multi_robot) by extensions ['colcon_meta']
[0.395s] colcon.colcon_core.package_identification Level 1 _identify(src/warehouse_multi_robot) by extension 'colcon_meta'
[0.395s] colcon.colcon_core.package_identification Level 1 _identify(src/warehouse_multi_robot) by extensions ['ros']
[0.395s] colcon.colcon_core.package_identification Level 1 _identify(src/warehouse_multi_robot) by extension 'ros'
[0.400s] colcon.colcon_core.package_identification DEBUG Package 'src/warehouse_multi_robot' with type 'ros.ament_python' and name 'warehouse_multi_robot'
[0.400s] colcon.colcon_core.package_discovery Level 1 discover_packages(recursive) using defaults
[0.400s] colcon.colcon_core.package_discovery Level 1 discover_packages(ignore) discover
[0.400s] colcon.colcon_core.package_discovery Level 1 discover_packages(ignore) using defaults
[0.400s] colcon.colcon_core.package_discovery Level 1 discover_packages(path) discover
[0.400s] colcon.colcon_core.package_discovery Level 1 discover_packages(path) using defaults
[0.422s] colcon.colcon_core.package_discovery Level 1 discover_packages(prefix_path) check parameters
[0.422s] colcon.colcon_core.package_discovery Level 1 discover_packages(prefix_path) discover
[0.434s] colcon.colcon_installed_package_information.package_discovery DEBUG Found 1 installed packages in /home/canozkan/Capstone_Project/install
[0.436s] colcon.colcon_installed_package_information.package_discovery DEBUG Found 397 installed packages in /opt/ros/jazzy
[0.437s] colcon.colcon_core.package_discovery Level 1 discover_packages(prefix_path) using defaults
[0.592s] colcon.colcon_core.verb Level 5 set package 'warehouse_multi_robot' build argument 'cmake_args' from command line to 'None'
[0.592s] colcon.colcon_core.verb Level 5 set package 'warehouse_multi_robot' build argument 'cmake_target' from command line to 'None'
[0.592s] colcon.colcon_core.verb Level 5 set package 'warehouse_multi_robot' build argument 'cmake_target_skip_unavailable' from command line to 'False'
[0.592s] colcon.colcon_core.verb Level 5 set package 'warehouse_multi_robot' build argument 'cmake_clean_cache' from command line to 'False'
[0.592s] colcon.colcon_core.verb Level 5 set package 'warehouse_multi_robot' build argument 'cmake_clean_first' from command line to 'False'
[0.592s] colcon.colcon_core.verb Level 5 set package 'warehouse_multi_robot' build argument 'cmake_force_configure' from command line to 'False'
[0.592s] colcon.colcon_core.verb Level 5 set package 'warehouse_multi_robot' build argument 'ament_cmake_args' from command line to 'None'
[0.593s] colcon.colcon_core.verb Level 5 set package 'warehouse_multi_robot' build argument 'catkin_cmake_args' from command line to 'None'
[0.593s] colcon.colcon_core.verb Level 5 set package 'warehouse_multi_robot' build argument 'catkin_skip_building_tests' from command line to 'False'
[0.593s] colcon.colcon_core.verb DEBUG Building package 'warehouse_multi_robot' with the following arguments: {'ament_cmake_args': None, 'build_base': '/home/canozkan/thesis_ws/build/warehouse_multi_robot', 'catkin_cmake_args': None, 'catkin_skip_building_tests': False, 'cmake_args': None, 'cmake_clean_cache': False, 'cmake_clean_first': False, 'cmake_force_configure': False, 'cmake_target': None, 'cmake_target_skip_unavailable': False, 'install_base': '/home/canozkan/thesis_ws/install/warehouse_multi_robot', 'merge_install': False, 'path': '/home/canozkan/thesis_ws/src/warehouse_multi_robot', 'symlink_install': True, 'test_result_base': None}
[0.593s] colcon.colcon_core.executor INFO Executing jobs using 'parallel' executor
[0.594s] colcon.colcon_parallel_executor.executor.parallel DEBUG run_until_complete
[0.594s] colcon.colcon_ros.task.ament_python.build INFO Building ROS package in '/home/canozkan/thesis_ws/src/warehouse_multi_robot' with build type 'ament_python'
[0.594s] colcon.colcon_core.shell Level 1 create_environment_hook('warehouse_multi_robot', 'ament_prefix_path')
[0.601s] colcon.colcon_core.plugin_system INFO Skipping extension 'colcon_core.shell.bat': Not used on non-Windows systems
[0.601s] colcon.colcon_core.shell INFO Creating environment hook '/home/canozkan/thesis_ws/install/warehouse_multi_robot/share/warehouse_multi_robot/hook/ament_prefix_path.ps1'
[0.604s] colcon.colcon_core.shell INFO Creating environment descriptor '/home/canozkan/thesis_ws/install/warehouse_multi_robot/share/warehouse_multi_robot/hook/ament_prefix_path.dsv'
[0.605s] colcon.colcon_core.shell INFO Creating environment hook '/home/canozkan/thesis_ws/install/warehouse_multi_robot/share/warehouse_multi_robot/hook/ament_prefix_path.sh'
[0.606s] colcon.colcon_core.shell INFO Skip shell extension 'powershell' for command environment: Not usable outside of PowerShell
[0.606s] colcon.colcon_core.shell DEBUG Skip shell extension 'dsv' for command environment
[0.777s] colcon.colcon_core.task.python.build INFO Building Python package in '/home/canozkan/thesis_ws/src/warehouse_multi_robot'
[0.777s] colcon.colcon_core.shell INFO Skip shell extension 'powershell' for command environment: Not usable outside of PowerShell
[0.777s] colcon.colcon_core.shell DEBUG Skip shell extension 'dsv' for command environment
[1.635s] colcon.colcon_core.event_handler.log_command DEBUG Invoking command in '/home/canozkan/thesis_ws/build/warehouse_multi_robot': DEBUGINFOD_URLS=https://debuginfod.ubuntu.com PYTHONPATH=/home/canozkan/thesis_ws/build/warehouse_multi_robot/prefix_override:/home/canozkan/Capstone_Project/venv/lib/python3.12/site-packages/colcon_core/task/python/colcon_distutils_commands:/home/canozkan/thesis_ws/install/warehouse_multi_robot/lib/python3.12/site-packages:${PYTHONPATH} /usr/bin/python3 -W ignore:setup.py install is deprecated -W ignore:easy_install command is deprecated setup.py develop --editable --build-directory /home/canozkan/thesis_ws/build/warehouse_multi_robot/build --no-deps symlink_data
[2.006s] colcon.colcon_core.shell Level 1 create_environment_hook('warehouse_multi_robot', 'pythonpath_develop')
[2.006s] colcon.colcon_core.event_handler.log_command DEBUG Invoked command in '/home/canozkan/thesis_ws/build/warehouse_multi_robot' returned '0': DEBUGINFOD_URLS=https://debuginfod.ubuntu.com PYTHONPATH=/home/canozkan/thesis_ws/build/warehouse_multi_robot/prefix_override:/home/canozkan/Capstone_Project/venv/lib/python3.12/site-packages/colcon_core/task/python/colcon_distutils_commands:/home/canozkan/thesis_ws/install/warehouse_multi_robot/lib/python3.12/site-packages:${PYTHONPATH} /usr/bin/python3 -W ignore:setup.py install is deprecated -W ignore:easy_install command is deprecated setup.py develop --editable --build-directory /home/canozkan/thesis_ws/build/warehouse_multi_robot/build --no-deps symlink_data
[2.007s] colcon.colcon_core.shell INFO Creating environment hook '/home/canozkan/thesis_ws/build/warehouse_multi_robot/share/warehouse_multi_robot/hook/pythonpath_develop.ps1'
[2.009s] colcon.colcon_core.shell INFO Creating environment descriptor '/home/canozkan/thesis_ws/build/warehouse_multi_robot/share/warehouse_multi_robot/hook/pythonpath_develop.dsv'
[2.009s] colcon.colcon_core.shell INFO Creating environment hook '/home/canozkan/thesis_ws/build/warehouse_multi_robot/share/warehouse_multi_robot/hook/pythonpath_develop.sh'
[2.016s] colcon.colcon_core.environment Level 1 checking '/home/canozkan/thesis_ws/install/warehouse_multi_robot' for CMake module files
[2.017s] colcon.colcon_core.environment Level 1 checking '/home/canozkan/thesis_ws/install/warehouse_multi_robot' for CMake config files
[2.017s] colcon.colcon_core.environment Level 1 checking '/home/canozkan/thesis_ws/install/warehouse_multi_robot/lib'
[2.017s] colcon.colcon_core.environment Level 1 checking '/home/canozkan/thesis_ws/install/warehouse_multi_robot/bin'
[2.017s] colcon.colcon_core.environment Level 1 checking '/home/canozkan/thesis_ws/install/warehouse_multi_robot/lib/pkgconfig/warehouse_multi_robot.pc'
[2.017s] colcon.colcon_core.environment Level 1 checking '/home/canozkan/thesis_ws/install/warehouse_multi_robot/lib/python3.12/site-packages'
[2.017s] colcon.colcon_core.shell Level 1 create_environment_hook('warehouse_multi_robot', 'pythonpath')
[2.018s] colcon.colcon_core.shell INFO Creating environment hook '/home/canozkan/thesis_ws/install/warehouse_multi_robot/share/warehouse_multi_robot/hook/pythonpath.ps1'
[2.018s] colcon.colcon_core.shell INFO Creating environment descriptor '/home/canozkan/thesis_ws/install/warehouse_multi_robot/share/warehouse_multi_robot/hook/pythonpath.dsv'
[2.018s] colcon.colcon_core.shell INFO Creating environment hook '/home/canozkan/thesis_ws/install/warehouse_multi_robot/share/warehouse_multi_robot/hook/pythonpath.sh'
[2.019s] colcon.colcon_core.environment Level 1 checking '/home/canozkan/thesis_ws/install/warehouse_multi_robot/bin'
[2.019s] colcon.colcon_core.environment Level 1 create_environment_scripts_only(warehouse_multi_robot)
[2.019s] colcon.colcon_core.shell INFO Creating package script '/home/canozkan/thesis_ws/install/warehouse_multi_robot/share/warehouse_multi_robot/package.ps1'
[2.019s] colcon.colcon_core.shell INFO Creating package descriptor '/home/canozkan/thesis_ws/install/warehouse_multi_robot/share/warehouse_multi_robot/package.dsv'
[2.020s] colcon.colcon_core.shell INFO Creating package script '/home/canozkan/thesis_ws/install/warehouse_multi_robot/share/warehouse_multi_robot/package.sh'
[2.021s] colcon.colcon_core.shell INFO Creating package script '/home/canozkan/thesis_ws/install/warehouse_multi_robot/share/warehouse_multi_robot/package.bash'
[2.022s] colcon.colcon_core.shell INFO Creating package script '/home/canozkan/thesis_ws/install/warehouse_multi_robot/share/warehouse_multi_robot/package.zsh'
[2.023s] colcon.colcon_core.environment Level 1 create_file_with_runtime_dependencies(/home/canozkan/thesis_ws/install/warehouse_multi_robot/share/colcon-core/packages/warehouse_multi_robot)
[2.024s] colcon.colcon_parallel_executor.executor.parallel DEBUG closing loop
[2.024s] colcon.colcon_parallel_executor.executor.parallel DEBUG loop closed
[2.024s] colcon.colcon_parallel_executor.executor.parallel DEBUG run_until_complete finished with '0'
[2.024s] colcon.colcon_core.event_reactor DEBUG joining thread
[2.039s] colcon.colcon_core.plugin_system INFO Skipping extension 'colcon_notification.desktop_notification.terminal_notifier': Not used on non-Darwin systems
[2.039s] colcon.colcon_core.plugin_system INFO Skipping extension 'colcon_notification.desktop_notification.win32': Not used on non-Windows systems
[2.039s] colcon.colcon_notification.desktop_notification INFO Sending desktop notification using 'notify2'
[2.047s] colcon.colcon_notification.desktop_notification.notify2 DEBUG Failed to initialize notify2: org.freedesktop.DBus.Error.ServiceUnknown: The name org.freedesktop.Notifications was not provided by any .service files
[2.047s] colcon.colcon_core.event_reactor DEBUG joined thread
[2.048s] colcon.colcon_core.shell INFO Creating prefix script '/home/canozkan/thesis_ws/install/local_setup.ps1'
[2.049s] colcon.colcon_core.shell INFO Creating prefix util module '/home/canozkan/thesis_ws/install/_local_setup_util_ps1.py'
[2.050s] colcon.colcon_core.shell INFO Creating prefix chain script '/home/canozkan/thesis_ws/install/setup.ps1'
[2.051s] colcon.colcon_core.shell INFO Creating prefix script '/home/canozkan/thesis_ws/install/local_setup.sh'
[2.052s] colcon.colcon_core.shell INFO Creating prefix util module '/home/canozkan/thesis_ws/install/_local_setup_util_sh.py'
[2.052s] colcon.colcon_core.shell INFO Creating prefix chain script '/home/canozkan/thesis_ws/install/setup.sh'
[2.054s] colcon.colcon_core.shell INFO Creating prefix script '/home/canozkan/thesis_ws/install/local_setup.bash'
[2.054s] colcon.colcon_core.shell INFO Creating prefix chain script '/home/canozkan/thesis_ws/install/setup.bash'
[2.055s] colcon.colcon_core.shell INFO Creating prefix script '/home/canozkan/thesis_ws/install/local_setup.zsh'
[2.056s] colcon.colcon_core.shell INFO Creating prefix chain script '/home/canozkan/thesis_ws/install/setup.zsh'
