[1.041s] Invoking command in '/home/canozkan/thesis_ws/build/warehouse_multi_robot': DEBUGINFOD_URLS=https://debuginfod.ubuntu.com PYTHONPATH=/home/canozkan/thesis_ws/build/warehouse_multi_robot/prefix_override:/home/canozkan/Capstone_Project/venv/lib/python3.12/site-packages/colcon_core/task/python/colcon_distutils_commands:/home/canozkan/thesis_ws/install/warehouse_multi_robot/lib/python3.12/site-packages:${PYTHONPATH} /usr/bin/python3 -W ignore:setup.py install is deprecated -W ignore:easy_install command is deprecated setup.py develop --editable --build-directory /home/canozkan/thesis_ws/build/warehouse_multi_robot/build --no-deps symlink_data
[1.219s] running develop
[1.332s] running egg_info
[1.344s] creating warehouse_multi_robot.egg-info
[1.344s] writing warehouse_multi_robot.egg-info/PKG-INFO
[1.344s] writing dependency_links to warehouse_multi_robot.egg-info/dependency_links.txt
[1.344s] writing requirements to warehouse_multi_robot.egg-info/requires.txt
[1.345s] writing top-level names to warehouse_multi_robot.egg-info/top_level.txt
[1.345s] writing manifest file 'warehouse_multi_robot.egg-info/SOURCES.txt'
[1.368s] reading manifest file 'warehouse_multi_robot.egg-info/SOURCES.txt'
[1.369s] writing manifest file 'warehouse_multi_robot.egg-info/SOURCES.txt'
[1.381s] running build_ext
[1.382s] Creating /home/canozkan/thesis_ws/install/warehouse_multi_robot/lib/python3.12/site-packages/warehouse-multi-robot.egg-link (link to .)
[1.383s] 
[1.383s] Installed /home/canozkan/thesis_ws/build/warehouse_multi_robot
[1.383s] running symlink_data
[1.384s] creating /home/canozkan/thesis_ws/install/warehouse_multi_robot/share/ament_index/resource_index/packages
[1.384s] symbolically linking /home/canozkan/thesis_ws/build/warehouse_multi_robot/resource/warehouse_multi_robot -> /home/canozkan/thesis_ws/install/warehouse_multi_robot/share/ament_index/resource_index/packages
[1.385s] symbolically linking /home/canozkan/thesis_ws/build/warehouse_multi_robot/package.xml -> /home/canozkan/thesis_ws/install/warehouse_multi_robot/share/warehouse_multi_robot
[1.412s] Invoked command in '/home/canozkan/thesis_ws/build/warehouse_multi_robot' returned '0': DEBUGINFOD_URLS=https://debuginfod.ubuntu.com PYTHONPATH=/home/canozkan/thesis_ws/build/warehouse_multi_robot/prefix_override:/home/canozkan/Capstone_Project/venv/lib/python3.12/site-packages/colcon_core/task/python/colcon_distutils_commands:/home/canozkan/thesis_ws/install/warehouse_multi_robot/lib/python3.12/site-packages:${PYTHONPATH} /usr/bin/python3 -W ignore:setup.py install is deprecated -W ignore:easy_install command is deprecated setup.py develop --editable --build-directory /home/canozkan/thesis_ws/build/warehouse_multi_robot/build --no-deps symlink_data
